<?xml version="1.0" encoding="UTF-8"?>
<!-- Generated by org.testng.reporters.JUnitXMLReporter -->
<testsuite ignored="0" hostname="DESKTOP-I50VSOQ" failures="1" tests="1" name="Testing Window" time="10.729" errors="0" timestamp="2025-04-30T19:39:30 PDT">
  <testcase classname="seleniumPractice.Testing" name="perform" time="0.0">
    <failure type="org.testng.TestNGException" message="
Cannot inject @Test annotated Method [perform] with [class java.lang.String].
For more information on native dependency injection please refer to https://testng.org/doc/documentation-main.html#native-dependency-injection">
      <![CDATA[org.testng.TestNGException: 
Cannot inject @Test annotated Method [perform] with [class java.lang.String].
For more information on native dependency injection please refer to https://testng.org/doc/documentation-main.html#native-dependency-injection
at java.base/java.util.ArrayList.forEach(ArrayList.java:1511)
at java.base/java.util.concurrent.FutureTask.run(FutureTask.java:264)
at java.base/java.util.concurrent.ThreadPoolExecutor.runWorker(ThreadPoolExecutor.java:1136)
at java.base/java.util.concurrent.ThreadPoolExecutor$Worker.run(ThreadPoolExecutor.java:635)
at java.base/java.lang.Thread.run(Thread.java:833)
... Removed 16 stack frames]]>
    </failure>
  </testcase> <!-- perform -->
</testsuite> <!-- Testing Window -->
