<?xml version="1.0" encoding="UTF-8"?>
<testng-results ignored="0" total="0" passed="0" failed="0" skipped="0">
  <reporter-output>
  </reporter-output>
  <suite started-at="2025-04-30T23:20:41 PDT" name="Suite" finished-at="2025-04-30T23:20:46 PDT" duration-ms="5051">
    <groups>
    </groups>
    <test started-at="2025-04-30T23:20:41 PDT" name="chome1" finished-at="2025-04-30T23:20:46 PDT" duration-ms="5051">
      <class name="seleniumPractice.Testing">
        <test-method is-config="true" signature="browseInitialization(java.lang.String,java.lang.String)[pri:0, instance:seleniumPractice.Testing@5119fb47]" started-at="2025-04-30T23:20:41 PDT" name="browseInitialization" finished-at="2025-04-30T23:20:46 PDT" duration-ms="5032" status="PASS">
          <params>
            <param index="0">
              <value>
                <![CDATA[Windows]]>
              </value>
            </param>
            <param index="1">
              <value>
                <![CDATA[chrome]]>
              </value>
            </param>
          </params>
          <reporter-output>
          </reporter-output>
        </test-method> <!-- browseInitialization -->
      </class> <!-- seleniumPractice.Testing -->
    </test> <!-- chome1 -->
  </suite> <!-- Suite -->
</testng-results>
