<?xml version="1.0" encoding="UTF-8"?>
<testng-results ignored="0" total="0" passed="0" failed="0" skipped="0">
  <reporter-output>
  </reporter-output>
  <suite started-at="2025-05-07T11:55:38 PDT" name="Suite" finished-at="2025-05-07T11:55:55 PDT" duration-ms="16769">
    <groups>
    </groups>
    <test started-at="2025-05-07T11:55:38 PDT" name="Testing Linux ch" finished-at="2025-05-07T11:55:46 PDT" duration-ms="8434">
      <class name="testCases.SeleniumGridDockerTesting">
        <test-method is-config="true" signature="browseInitialization(java.lang.String,java.lang.String)[pri:0, instance:testCases.SeleniumGridDockerTesting@70e9c95d]" started-at="2025-05-07T11:55:38 PDT" name="browseInitialization" finished-at="2025-05-07T11:55:46 PDT" duration-ms="8391" status="PASS">
          <params>
            <param index="0">
              <value>
                <![CDATA[Linux]]>
              </value>
            </param>
            <param index="1">
              <value>
                <![CDATA[chrome]]>
              </value>
            </param>
          </params>
          <reporter-output>
          </reporter-output>
        </test-method> <!-- browseInitialization -->
      </class> <!-- testCases.SeleniumGridDockerTesting -->
    </test> <!-- Testing Linux ch -->
    <test started-at="2025-05-07T11:55:38 PDT" name="Testing Linux fi" finished-at="2025-05-07T11:55:55 PDT" duration-ms="16769">
      <class name="testCases.SeleniumGridDockerTesting">
        <test-method is-config="true" signature="browseInitialization(java.lang.String,java.lang.String)[pri:0, instance:testCases.SeleniumGridDockerTesting@470734c3]" started-at="2025-05-07T11:55:38 PDT" name="browseInitialization" finished-at="2025-05-07T11:55:55 PDT" duration-ms="16738" status="PASS">
          <params>
            <param index="0">
              <value>
                <![CDATA[Linux]]>
              </value>
            </param>
            <param index="1">
              <value>
                <![CDATA[firefox]]>
              </value>
            </param>
          </params>
          <reporter-output>
          </reporter-output>
        </test-method> <!-- browseInitialization -->
      </class> <!-- testCases.SeleniumGridDockerTesting -->
    </test> <!-- Testing Linux fi -->
  </suite> <!-- Suite -->
</testng-results>
