<?xml version="1.0" encoding="UTF-8"?>
<testng-results ignored="0" total="1" passed="1" failed="0" skipped="0">
  <reporter-output>
  </reporter-output>
  <suite started-at="2025-05-08T12:26:28 PDT" name="Suite" finished-at="2025-05-08T12:26:41 PDT" duration-ms="12399">
    <groups>
    </groups>
    <test started-at="2025-05-08T12:26:28 PDT" name="Test" finished-at="2025-05-08T12:26:41 PDT" duration-ms="12399">
      <class name="testCases.Browserstack_Jenkins">
        <test-method is-config="true" signature="initial_Cap()[pri:0, instance:testCases.Browserstack_Jenkins@2ddc9a9f]" started-at="2025-05-08T12:26:28 PDT" name="initial_Cap" finished-at="2025-05-08T12:26:38 PDT" duration-ms="9348" status="PASS">
          <reporter-output>
          </reporter-output>
        </test-method> <!-- initial_Cap -->
        <test-method signature="validateUI()[pri:0, instance:testCases.Browserstack_Jenkins@2ddc9a9f]" started-at="2025-05-08T12:26:38 PDT" name="validateUI" finished-at="2025-05-08T12:26:39 PDT" duration-ms="1566" status="PASS">
          <reporter-output>
          </reporter-output>
        </test-method> <!-- validateUI -->
        <test-method is-config="true" signature="tearBrowser()[pri:0, instance:testCases.Browserstack_Jenkins@2ddc9a9f]" started-at="2025-05-08T12:26:39 PDT" name="tearBrowser" finished-at="2025-05-08T12:26:41 PDT" duration-ms="1409" status="PASS">
          <reporter-output>
          </reporter-output>
        </test-method> <!-- tearBrowser -->
      </class> <!-- testCases.Browserstack_Jenkins -->
    </test> <!-- Test -->
  </suite> <!-- Suite -->
</testng-results>
